0 info it worked if it ends with ok
1 verbose cli [ 'c:\\Program Files\\nodejs\\node.exe',
1 verbose cli   'c:\\Program Files\\nodejs\\node_modules\\npm\\bin\\npm-cli.js',
1 verbose cli   'install',
1 verbose cli   'grunt-contrib-copy',
1 verbose cli   '--save-dev' ]
2 info using npm@1.4.3
3 info using node@v0.10.26
4 warn package.json Start@0.1.0 No repository field.
5 warn package.json Start@0.1.0 homepage field must start with a protocol.
6 verbose readDependencies using package.json deps
7 verbose cache add [ 'grunt-contrib-copy', null ]
8 verbose cache add name=undefined spec="grunt-contrib-copy" args=["grunt-contrib-copy",null]
9 verbose parsed url { protocol: null,
9 verbose parsed url   slashes: null,
9 verbose parsed url   auth: null,
9 verbose parsed url   host: null,
9 verbose parsed url   port: null,
9 verbose parsed url   hostname: null,
9 verbose parsed url   hash: null,
9 verbose parsed url   search: null,
9 verbose parsed url   query: null,
9 verbose parsed url   pathname: 'grunt-contrib-copy',
9 verbose parsed url   path: 'grunt-contrib-copy',
9 verbose parsed url   href: 'grunt-contrib-copy' }
10 silly lockFile a84690fa-grunt-contrib-copy grunt-contrib-copy
11 verbose lock grunt-contrib-copy C:\Users\Usuário\AppData\Roaming\npm-cache\a84690fa-grunt-contrib-copy.lock
12 silly lockFile a84690fa-grunt-contrib-copy grunt-contrib-copy
13 silly lockFile a84690fa-grunt-contrib-copy grunt-contrib-copy
14 verbose addNamed [ 'grunt-contrib-copy', '' ]
15 verbose addNamed [ null, '*' ]
16 silly lockFile 9ec4cea0-grunt-contrib-copy grunt-contrib-copy@
17 verbose lock grunt-contrib-copy@ C:\Users\Usuário\AppData\Roaming\npm-cache\9ec4cea0-grunt-contrib-copy.lock
18 silly addNameRange { name: 'grunt-contrib-copy', range: '*', hasData: false }
19 verbose url raw grunt-contrib-copy
20 verbose url resolving [ 'https://registry.npmjs.org/', './grunt-contrib-copy' ]
21 verbose url resolved https://registry.npmjs.org/grunt-contrib-copy
22 info trying registry request attempt 1 at 18:52:12
23 http GET https://registry.npmjs.org/grunt-contrib-copy
24 http 200 https://registry.npmjs.org/grunt-contrib-copy
25 silly registry.get cb [ 200,
25 silly registry.get   { date: 'Thu, 01 May 2014 21:52:17 GMT',
25 silly registry.get     server: 'CouchDB/1.5.0 (Erlang OTP/R14B04)',
25 silly registry.get     etag: '"B0NIGPDIWYH8MO6RZ2W0MTA56"',
25 silly registry.get     'content-type': 'application/json',
25 silly registry.get     'cache-control': 'max-age=1',
25 silly registry.get     'content-length': '26113',
25 silly registry.get     'accept-ranges': 'bytes',
25 silly registry.get     via: '1.1 varnish',
25 silly registry.get     'x-served-by': 'cache-v36-ASH',
25 silly registry.get     'x-cache': 'MISS',
25 silly registry.get     'x-cache-hits': '0',
25 silly registry.get     'x-timer': 'S1398981137.590784550,VS0,VE97',
25 silly registry.get     vary: 'Accept',
25 silly registry.get     'keep-alive': 'timeout=10, max=50',
25 silly registry.get     connection: 'Keep-Alive' } ]
26 silly addNameRange number 2 { name: 'grunt-contrib-copy', range: '*', hasData: true }
27 silly addNameRange versions [ 'grunt-contrib-copy',
27 silly addNameRange   [ '0.2.0',
27 silly addNameRange     '0.2.1',
27 silly addNameRange     '0.2.2',
27 silly addNameRange     '0.2.3',
27 silly addNameRange     '0.2.4',
27 silly addNameRange     '0.3.0',
27 silly addNameRange     '0.3.1',
27 silly addNameRange     '0.3.2',
27 silly addNameRange     '0.4.0',
27 silly addNameRange     '0.4.1',
27 silly addNameRange     '0.5.0',
27 silly addNameRange     '0.4.0-rc7' ] ]
28 verbose addNamed [ 'grunt-contrib-copy', '0.5.0' ]
29 verbose addNamed [ '0.5.0', '0.5.0' ]
30 silly lockFile a598d2f8-grunt-contrib-copy-0-5-0 grunt-contrib-copy@0.5.0
31 verbose lock grunt-contrib-copy@0.5.0 C:\Users\Usuário\AppData\Roaming\npm-cache\a598d2f8-grunt-contrib-copy-0-5-0.lock
32 silly lockFile 1c1c2f18-opy-grunt-contrib-copy-0-5-0-tgz https://registry.npmjs.org/grunt-contrib-copy/-/grunt-contrib-copy-0.5.0.tgz
33 verbose lock https://registry.npmjs.org/grunt-contrib-copy/-/grunt-contrib-copy-0.5.0.tgz C:\Users\Usuário\AppData\Roaming\npm-cache\1c1c2f18-opy-grunt-contrib-copy-0-5-0-tgz.lock
34 verbose addRemoteTarball [ 'https://registry.npmjs.org/grunt-contrib-copy/-/grunt-contrib-copy-0.5.0.tgz',
34 verbose addRemoteTarball   '410075ac45a5856ba191b1cc725725450d4a0215' ]
35 info retry fetch attempt 1 at 18:52:14
36 verbose fetch to= C:\Users\USURIO~2\AppData\Local\Temp\npm-8644-DAcAn3np\1398981134511-0.15059763891622424\tmp.tgz
37 http GET https://registry.npmjs.org/grunt-contrib-copy/-/grunt-contrib-copy-0.5.0.tgz
38 http 200 https://registry.npmjs.org/grunt-contrib-copy/-/grunt-contrib-copy-0.5.0.tgz
39 verbose tar unpack C:\Users\USURIO~2\AppData\Local\Temp\npm-8644-DAcAn3np\1398981134511-0.15059763891622424\tmp.tgz
40 silly lockFile f26b3bf7-4511-0-15059763891622424-package tar://C:\Users\USURIO~2\AppData\Local\Temp\npm-8644-DAcAn3np\1398981134511-0.15059763891622424\package
41 verbose lock tar://C:\Users\USURIO~2\AppData\Local\Temp\npm-8644-DAcAn3np\1398981134511-0.15059763891622424\package C:\Users\Usuário\AppData\Roaming\npm-cache\f26b3bf7-4511-0-15059763891622424-package.lock
42 silly lockFile 5eef57fe-4511-0-15059763891622424-tmp-tgz tar://C:\Users\USURIO~2\AppData\Local\Temp\npm-8644-DAcAn3np\1398981134511-0.15059763891622424\tmp.tgz
43 verbose lock tar://C:\Users\USURIO~2\AppData\Local\Temp\npm-8644-DAcAn3np\1398981134511-0.15059763891622424\tmp.tgz C:\Users\Usuário\AppData\Roaming\npm-cache\5eef57fe-4511-0-15059763891622424-tmp-tgz.lock
44 silly gunzTarPerm modes [ '755', '644' ]
45 silly gunzTarPerm extractEntry package.json
46 silly gunzTarPerm extractEntry README.md
47 silly gunzTarPerm extractEntry LICENSE-MIT
48 silly gunzTarPerm extractEntry tasks/copy.js
49 silly lockFile f26b3bf7-4511-0-15059763891622424-package tar://C:\Users\USURIO~2\AppData\Local\Temp\npm-8644-DAcAn3np\1398981134511-0.15059763891622424\package
50 silly lockFile f26b3bf7-4511-0-15059763891622424-package tar://C:\Users\USURIO~2\AppData\Local\Temp\npm-8644-DAcAn3np\1398981134511-0.15059763891622424\package
51 silly lockFile 5eef57fe-4511-0-15059763891622424-tmp-tgz tar://C:\Users\USURIO~2\AppData\Local\Temp\npm-8644-DAcAn3np\1398981134511-0.15059763891622424\tmp.tgz
52 silly lockFile 5eef57fe-4511-0-15059763891622424-tmp-tgz tar://C:\Users\USURIO~2\AppData\Local\Temp\npm-8644-DAcAn3np\1398981134511-0.15059763891622424\tmp.tgz
53 verbose tar pack [ 'C:\\Users\\Usuário\\AppData\\Roaming\\npm-cache\\grunt-contrib-copy\\0.5.0\\package.tgz',
53 verbose tar pack   'C:\\Users\\USURIO~2\\AppData\\Local\\Temp\\npm-8644-DAcAn3np\\1398981134511-0.15059763891622424\\package' ]
54 verbose tarball C:\Users\Usuário\AppData\Roaming\npm-cache\grunt-contrib-copy\0.5.0\package.tgz
55 verbose folder C:\Users\USURIO~2\AppData\Local\Temp\npm-8644-DAcAn3np\1398981134511-0.15059763891622424\package
56 silly lockFile f26b3bf7-4511-0-15059763891622424-package tar://C:\Users\USURIO~2\AppData\Local\Temp\npm-8644-DAcAn3np\1398981134511-0.15059763891622424\package
57 verbose lock tar://C:\Users\USURIO~2\AppData\Local\Temp\npm-8644-DAcAn3np\1398981134511-0.15059763891622424\package C:\Users\Usuário\AppData\Roaming\npm-cache\f26b3bf7-4511-0-15059763891622424-package.lock
58 silly lockFile ad654735-t-contrib-copy-0-5-0-package-tgz tar://C:\Users\Usuário\AppData\Roaming\npm-cache\grunt-contrib-copy\0.5.0\package.tgz
59 verbose lock tar://C:\Users\Usuário\AppData\Roaming\npm-cache\grunt-contrib-copy\0.5.0\package.tgz C:\Users\Usuário\AppData\Roaming\npm-cache\ad654735-t-contrib-copy-0-5-0-package-tgz.lock
60 silly lockFile f26b3bf7-4511-0-15059763891622424-package tar://C:\Users\USURIO~2\AppData\Local\Temp\npm-8644-DAcAn3np\1398981134511-0.15059763891622424\package
61 silly lockFile f26b3bf7-4511-0-15059763891622424-package tar://C:\Users\USURIO~2\AppData\Local\Temp\npm-8644-DAcAn3np\1398981134511-0.15059763891622424\package
62 silly lockFile ad654735-t-contrib-copy-0-5-0-package-tgz tar://C:\Users\Usuário\AppData\Roaming\npm-cache\grunt-contrib-copy\0.5.0\package.tgz
63 silly lockFile ad654735-t-contrib-copy-0-5-0-package-tgz tar://C:\Users\Usuário\AppData\Roaming\npm-cache\grunt-contrib-copy\0.5.0\package.tgz
64 silly lockFile 72b2085a-grunt-contrib-copy-0-5-0-package C:\Users\Usuário\AppData\Roaming\npm-cache\grunt-contrib-copy\0.5.0\package
65 verbose lock C:\Users\Usuário\AppData\Roaming\npm-cache\grunt-contrib-copy\0.5.0\package C:\Users\Usuário\AppData\Roaming\npm-cache\72b2085a-grunt-contrib-copy-0-5-0-package.lock
66 silly lockFile 72b2085a-grunt-contrib-copy-0-5-0-package C:\Users\Usuário\AppData\Roaming\npm-cache\grunt-contrib-copy\0.5.0\package
67 silly lockFile 72b2085a-grunt-contrib-copy-0-5-0-package C:\Users\Usuário\AppData\Roaming\npm-cache\grunt-contrib-copy\0.5.0\package
68 verbose tar unpack C:\Users\Usuário\AppData\Roaming\npm-cache\grunt-contrib-copy\0.5.0\package.tgz
69 silly lockFile 60633d68-grunt-contrib-copy-0-5-0-package tar://C:\Users\Usuário\AppData\Roaming\npm-cache\grunt-contrib-copy\0.5.0\package
70 verbose lock tar://C:\Users\Usuário\AppData\Roaming\npm-cache\grunt-contrib-copy\0.5.0\package C:\Users\Usuário\AppData\Roaming\npm-cache\60633d68-grunt-contrib-copy-0-5-0-package.lock
71 silly lockFile ad654735-t-contrib-copy-0-5-0-package-tgz tar://C:\Users\Usuário\AppData\Roaming\npm-cache\grunt-contrib-copy\0.5.0\package.tgz
72 verbose lock tar://C:\Users\Usuário\AppData\Roaming\npm-cache\grunt-contrib-copy\0.5.0\package.tgz C:\Users\Usuário\AppData\Roaming\npm-cache\ad654735-t-contrib-copy-0-5-0-package-tgz.lock
73 silly gunzTarPerm modes [ '755', '644' ]
74 silly gunzTarPerm extractEntry package.json
75 silly gunzTarPerm modified mode [ 'package.json', 438, 420 ]
76 silly gunzTarPerm extractEntry README.md
77 silly gunzTarPerm modified mode [ 'README.md', 438, 420 ]
78 silly gunzTarPerm extractEntry LICENSE-MIT
79 silly gunzTarPerm modified mode [ 'LICENSE-MIT', 438, 420 ]
80 silly gunzTarPerm extractEntry tasks/copy.js
81 silly gunzTarPerm modified mode [ 'tasks/copy.js', 438, 420 ]
82 silly lockFile 60633d68-grunt-contrib-copy-0-5-0-package tar://C:\Users\Usuário\AppData\Roaming\npm-cache\grunt-contrib-copy\0.5.0\package
83 silly lockFile 60633d68-grunt-contrib-copy-0-5-0-package tar://C:\Users\Usuário\AppData\Roaming\npm-cache\grunt-contrib-copy\0.5.0\package
84 silly lockFile ad654735-t-contrib-copy-0-5-0-package-tgz tar://C:\Users\Usuário\AppData\Roaming\npm-cache\grunt-contrib-copy\0.5.0\package.tgz
85 silly lockFile ad654735-t-contrib-copy-0-5-0-package-tgz tar://C:\Users\Usuário\AppData\Roaming\npm-cache\grunt-contrib-copy\0.5.0\package.tgz
86 verbose chmod C:\Users\Usuário\AppData\Roaming\npm-cache\grunt-contrib-copy\0.5.0\package.tgz 644
87 silly chown skipping for windows C:\Users\Usuário\AppData\Roaming\npm-cache\grunt-contrib-copy\0.5.0\package.tgz
88 silly lockFile 1c1c2f18-opy-grunt-contrib-copy-0-5-0-tgz https://registry.npmjs.org/grunt-contrib-copy/-/grunt-contrib-copy-0.5.0.tgz
89 silly lockFile 1c1c2f18-opy-grunt-contrib-copy-0-5-0-tgz https://registry.npmjs.org/grunt-contrib-copy/-/grunt-contrib-copy-0.5.0.tgz
90 silly lockFile a598d2f8-grunt-contrib-copy-0-5-0 grunt-contrib-copy@0.5.0
91 silly lockFile a598d2f8-grunt-contrib-copy-0-5-0 grunt-contrib-copy@0.5.0
92 silly lockFile 9ec4cea0-grunt-contrib-copy grunt-contrib-copy@
93 silly lockFile 9ec4cea0-grunt-contrib-copy grunt-contrib-copy@
94 silly resolved [ { name: 'grunt-contrib-copy',
94 silly resolved     description: 'Copy files and folders.',
94 silly resolved     version: '0.5.0',
94 silly resolved     homepage: 'https://github.com/gruntjs/grunt-contrib-copy',
94 silly resolved     author: { name: 'Grunt Team', url: 'http://gruntjs.com/' },
94 silly resolved     repository:
94 silly resolved      { type: 'git',
94 silly resolved        url: 'git://github.com/gruntjs/grunt-contrib-copy.git' },
94 silly resolved     bugs: { url: 'https://github.com/gruntjs/grunt-contrib-copy/issues' },
94 silly resolved     licenses: [ [Object] ],
94 silly resolved     engines: { node: '>= 0.8.0' },
94 silly resolved     scripts: { test: 'grunt test' },
94 silly resolved     devDependencies:
94 silly resolved      { 'grunt-contrib-jshint': '~0.6.2',
94 silly resolved        'grunt-contrib-nodeunit': '~0.2.0',
94 silly resolved        'grunt-contrib-clean': '~0.5.0',
94 silly resolved        'grunt-contrib-internal': '~0.4.5',
94 silly resolved        grunt: '~0.4.0' },
94 silly resolved     peerDependencies: { grunt: '~0.4.0' },
94 silly resolved     keywords: [ 'gruntplugin' ],
94 silly resolved     files: [ 'tasks', 'LICENSE-MIT' ],
94 silly resolved     readme: '# grunt-contrib-copy v0.5.0 [![Build Status](https://travis-ci.org/gruntjs/grunt-contrib-copy.png?branch=master)](https://travis-ci.org/gruntjs/grunt-contrib-copy)\n\n> Copy files and folders.\n\n\n\n## Getting Started\nThis plugin requires Grunt `~0.4.0`\n\nIf you haven\'t used [Grunt](http://gruntjs.com/) before, be sure to check out the [Getting Started](http://gruntjs.com/getting-started) guide, as it explains how to create a [Gruntfile](http://gruntjs.com/sample-gruntfile) as well as install and use Grunt plugins. Once you\'re familiar with that process, you may install this plugin with this command:\n\n```shell\nnpm install grunt-contrib-copy --save-dev\n```\n\nOnce the plugin has been installed, it may be enabled inside your Gruntfile with this line of JavaScript:\n\n```js\ngrunt.loadNpmTasks(\'grunt-contrib-copy\');\n```\n\n*This plugin was designed to work with Grunt 0.4.x. If you\'re still using grunt v0.3.x it\'s strongly recommended that [you upgrade](http://gruntjs.com/upgrading-from-0.3-to-0.4), but in case you can\'t please use [v0.3.2](https://github.com/gruntjs/grunt-contrib-copy/tree/grunt-0.3-stable).*\n\n\n\n## Copy task\n_Run this task with the `grunt copy` command._\n\nTask targets, files and options may be specified according to the grunt [Configuring tasks](http://gruntjs.com/configuring-tasks) guide.\n### Options\n\n#### process\nType: `Function(content, srcpath)`\n\nThis option is passed to `grunt.file.copy` as an advanced way to control the file contents that are copied.\n\n*`processContent` has been renamed to `process` and the option name will be removed in the future.*\n\n#### noProcess\nType: `String`\n\nThis option is passed to `grunt.file.copy` as an advanced way to control which file contents are processed.\n\n*`processContentExclude` has been renamed to `noProcess` and the option name will be removed in the future.*\n\n#### encoding\nType: `String`  \nDefault: `grunt.file.defaultEncoding`\n\nThe file encoding to copy files with.\n\n#### mode\nType: `Boolean` or `Number`  \nDefault: `false`\n\nWhether to copy or set the existing file permissions. Set to `true` to copy the existing file permissions. Or set to the mode, i.e.: `0644`, that copied files will be set to.\n\n### Usage Examples\n\n```js\ncopy: {\n  main: {\n    files: [\n      // includes files within path\n      {expand: true, src: [\'path/*\'], dest: \'dest/\', filter: \'isFile\'},\n\n      // includes files within path and its sub-directories\n      {expand: true, src: [\'path/**\'], dest: \'dest/\'},\n\n      // makes all src relative to cwd\n      {expand: true, cwd: \'path/\', src: [\'**\'], dest: \'dest/\'},\n\n      // flattens results to a single level\n      {expand: true, flatten: true, src: [\'path/**\'], dest: \'dest/\', filter: \'isFile\'}\n    ]\n  }\n}\n```\n\nThis task supports all the file mapping format Grunt supports. Please read [Globbing patterns](http://gruntjs.com/configuring-tasks#globbing-patterns) and [Building the files object dynamically](http://gruntjs.com/configuring-tasks#building-the-files-object-dynamically) for additional details.\n\nHere are some additional examples, given the following file tree:\n```shell\n$ tree -I node_modules\n.\n├── Gruntfile.js\n└── src\n    ├── a\n    └── subdir\n        └── b\n\n2 directories, 3 files\n```\n\n**Copy a single file tree:**\n```js\ncopy: {\n  main: {\n    src: \'src/*\',\n    dest: \'dest/\',\n  },\n},\n```\n\n```shell\n$ grunt copy\nRunning "copy:main" (copy) task\nCreated 1 directories, copied 1 files\n\nDone, without errors.\n$ tree -I node_modules\n.\n├── Gruntfile.js\n├── dest\n│   └── src\n│       ├── a\n│       └── subdir\n└── src\n    ├── a\n    └── subdir\n        └── b\n\n5 directories, 4 files\n```\n\n**Flattening the filepath output:**\n\n```js\ncopy: {\n  main: {\n    expand: true,\n    cwd: \'src/\',\n    src: \'**\',\n    dest: \'dest/\',\n    flatten: true,\n    filter: \'isFile\',\n  },\n},\n```\n\n```shell\n$ grunt copy\nRunning "copy:main" (copy) task\nCopied 2 files\n\nDone, without errors.\n$ tree -I node_modules\n.\n├── Gruntfile.js\n├── dest\n│   ├── a\n│   └── b\n└── src\n    ├── a\n    └── subdir\n        └── b\n\n3 directories, 5 files\n```\n\n\n**Copy and modify a file:**\n\nTo change the contents of a file as it is copied, set an `options.process` function as follows:\n\n```js\ncopy: {\n  main: {\n    src: \'src/a\',\n    dest: \'src/a.bak\',\n    options: {\n      process: function (content, srcpath) {\n        return content.replace(/[sad ]/g,"_");\n      }\n    }\n  },\n},\n```\n\nHere all occurences of the letters "s", "a" and "d", as well as all spaces, will be changed to underlines in "a.bak". Of course, you are not limited to just using regex replacements.\n\nTo process all files in a directory, the `process` function is used in exactly the same way.\n\nNOTE: If `process` is not working, be aware it was called `processContent` in v0.4.1 and earlier.\n\n\n##### Troubleshooting\n\nBy default, if a file or directory is not found it is quietly ignored. If the file should exist, and non-existence generate an error, then add `nonull:true`. For instance, this Gruntfile.js entry:\n\n```js\ncopy: {\n  main: {\n    nonull: true,\n    src: \'not-there\',\n    dest: \'create-me\',\n  },\n},\n```\n\ngives this output:\n\n```shell\n$ grunt copy\nRunning "copy:main" (copy) task\nWarning: Unable to read "not-there" file (Error code: ENOENT). Use --force to continue.\n\nAborted due to warnings.\n```\n\n\n\n## Release History\n\n * 2013-12-23   v0.5.0   If an encoding is specified, overwrite grunt.file.defaultEncoding. Rename processContent/processContentExclude to process/noProcess to match Grunt API. mode option to copy existing or set file permissions.\n * 2013-03-26   v0.4.1   Output summary by default ("Copied N files, created M folders"). Individual transaction output available via `--verbose`.\n * 2013-02-15   v0.4.0   First official release for Grunt 0.4.0.\n * 2013-01-23   v0.4.0rc7   Updating grunt/gruntplugin dependencies to rc7. Changing in-development grunt/gruntplugin dependency versions from tilde version ranges to specific versions.\n * 2013-01-14   v0.4.0rc5   Updating to work with grunt v0.4.0rc5. Conversion to grunt v0.4 conventions. Replace basePath with cwd. Empty directory support.\n * 2012-10-18   v0.3.2   Pass copyOptions on single file copy.\n * 2012-10-12   v0.3.1   Rename grunt-contrib-lib dep to grunt-lib-contrib.\n * 2012-09-24   v0.3.0   General cleanup and consolidation. Global options depreciated.\n * 2012-09-18   v0.2.4   No valid source check.\n * 2012-09-17   v0.2.3   Path.sep fallback for node <= 0.7.9.\n * 2012-09-17   v0.2.2   Single file copy support. Test refactoring.\n * 2012-09-07   v0.2.0   Refactored from grunt-contrib into individual repo.\n\n---\n\nTask submitted by [Chris Talkington](http://christalkington.com/)\n\n*This file was generated on Mon Dec 23 2013 20:21:57.*\n',
94 silly resolved     readmeFilename: 'README.md',
94 silly resolved     _id: 'grunt-contrib-copy@0.5.0',
94 silly resolved     dist: { shasum: 'd1aa639c67badca8bfb143b8f8704821e9abd573' },
94 silly resolved     _from: 'grunt-contrib-copy@',
94 silly resolved     _resolved: 'https://registry.npmjs.org/grunt-contrib-copy/-/grunt-contrib-copy-0.5.0.tgz' } ]
95 info install grunt-contrib-copy@0.5.0 into c:\xampp\htdocs\start
96 info installOne grunt-contrib-copy@0.5.0
97 info c:\xampp\htdocs\start\node_modules\grunt-contrib-copy unbuild
98 verbose tar unpack C:\Users\Usuário\AppData\Roaming\npm-cache\grunt-contrib-copy\0.5.0\package.tgz
99 silly lockFile 57a54d8d--node-modules-grunt-contrib-copy tar://c:\xampp\htdocs\start\node_modules\grunt-contrib-copy
100 verbose lock tar://c:\xampp\htdocs\start\node_modules\grunt-contrib-copy C:\Users\Usuário\AppData\Roaming\npm-cache\57a54d8d--node-modules-grunt-contrib-copy.lock
101 silly lockFile ad654735-t-contrib-copy-0-5-0-package-tgz tar://C:\Users\Usuário\AppData\Roaming\npm-cache\grunt-contrib-copy\0.5.0\package.tgz
102 verbose lock tar://C:\Users\Usuário\AppData\Roaming\npm-cache\grunt-contrib-copy\0.5.0\package.tgz C:\Users\Usuário\AppData\Roaming\npm-cache\ad654735-t-contrib-copy-0-5-0-package-tgz.lock
103 silly gunzTarPerm modes [ '755', '644' ]
104 silly gunzTarPerm extractEntry package.json
105 silly gunzTarPerm modified mode [ 'package.json', 438, 420 ]
106 silly gunzTarPerm extractEntry README.md
107 silly gunzTarPerm modified mode [ 'README.md', 438, 420 ]
108 silly gunzTarPerm extractEntry LICENSE-MIT
109 silly gunzTarPerm modified mode [ 'LICENSE-MIT', 438, 420 ]
110 silly gunzTarPerm extractEntry tasks/copy.js
111 silly gunzTarPerm modified mode [ 'tasks/copy.js', 438, 420 ]
112 silly lockFile 57a54d8d--node-modules-grunt-contrib-copy tar://c:\xampp\htdocs\start\node_modules\grunt-contrib-copy
113 silly lockFile 57a54d8d--node-modules-grunt-contrib-copy tar://c:\xampp\htdocs\start\node_modules\grunt-contrib-copy
114 silly lockFile ad654735-t-contrib-copy-0-5-0-package-tgz tar://C:\Users\Usuário\AppData\Roaming\npm-cache\grunt-contrib-copy\0.5.0\package.tgz
115 silly lockFile ad654735-t-contrib-copy-0-5-0-package-tgz tar://C:\Users\Usuário\AppData\Roaming\npm-cache\grunt-contrib-copy\0.5.0\package.tgz
116 info preinstall grunt-contrib-copy@0.5.0
117 verbose readDependencies using package.json deps
118 verbose readDependencies using package.json deps
119 silly resolved []
120 verbose about to build c:\xampp\htdocs\start\node_modules\grunt-contrib-copy
121 info build c:\xampp\htdocs\start\node_modules\grunt-contrib-copy
122 verbose linkStuff [ false, false, false, 'c:\\xampp\\htdocs\\start\\node_modules' ]
123 info linkStuff grunt-contrib-copy@0.5.0
124 verbose linkBins grunt-contrib-copy@0.5.0
125 verbose linkMans grunt-contrib-copy@0.5.0
126 verbose rebuildBundles grunt-contrib-copy@0.5.0
127 info install grunt-contrib-copy@0.5.0
128 info postinstall grunt-contrib-copy@0.5.0
129 error peerinvalid The package css-parse does not satisfy its siblings' peerDependencies requirements!
129 error peerinvalid Peer grunt-combine-media-queries@1.0.15 wants css-parse@~1.5.0
130 error System Windows_NT 6.1.7601
131 error command "c:\\Program Files\\nodejs\\node.exe" "c:\\Program Files\\nodejs\\node_modules\\npm\\bin\\npm-cli.js" "install" "grunt-contrib-copy" "--save-dev"
132 error cwd c:\xampp\htdocs\start
133 error node -v v0.10.26
134 error npm -v 1.4.3
135 error code EPEERINVALID
136 verbose exit [ 1, true ]
